<?xml version="1.0" encoding="UTF-8"?>
<!-- Generated by org.testng.reporters.JUnitReportReporter -->
<testsuite hostname="DESKTOP-6RNNSA7" failures="0" tests="1" name="DynamicJson.D002_Load_external_json" time="3.625" errors="0" timestamp="2025-01-25T17:34:41 IST" skipped="0">
  <testcase classname="DynamicJson.D002_Load_external_json" name="loadJson" time="3.625"/>
</testsuite> <!-- DynamicJson.D002_Load_external_json -->
