<?xml version="1.0" encoding="UTF-8"?>
<!-- Generated by org.testng.reporters.JUnitReportReporter -->
<testsuite hostname="DESKTOP-6RNNSA7" failures="0" tests="2" name="Z001_others.Z001_data_providers" time="0.032" errors="0" timestamp="2025-02-20T06:47:04 IST" skipped="0">
  <testcase classname="Z001_others.Z001_data_providers" name="summ_n" time="0.026"/>
  <testcase classname="Z001_others.Z001_data_providers" name="summ_n" time="0.006"/>
</testsuite> <!-- Z001_others.Z001_data_providers -->
