<?xml version="1.0" encoding="UTF-8"?>
<!-- Generated by org.testng.reporters.JUnitReportReporter -->
<testsuite hostname="DESKTOP-6RNNSA7" failures="0" tests="2" name="A005_Seserialization_pojo_classes.S001_deserealisation" time="4.158" errors="0" timestamp="2025-01-29T13:01:36 IST" skipped="0">
  <testcase classname="A005_Seserialization_pojo_classes.S001_deserealisation" name="token" time="3.475"/>
  <testcase classname="A005_Seserialization_pojo_classes.S001_deserealisation" name="getCourses" time="0.683"/>
</testsuite> <!-- A005_Seserialization_pojo_classes.S001_deserealisation -->
