<?xml version="1.0" encoding="UTF-8"?>
<!-- Generated by org.testng.reporters.JUnitReportReporter -->
<testsuite hostname="DESKTOP-6RNNSA7" failures="0" tests="1" name="A006_Serealisation_google_map.S001_Serealization" time="9.131" errors="0" timestamp="2025-02-20T07:11:17 IST" skipped="0">
  <testcase classname="A006_Serealisation_google_map.S001_Serealization" name="gmap" time="9.131"/>
</testsuite> <!-- A006_Serealisation_google_map.S001_Serealization -->
