<?xml version="1.0" encoding="UTF-8"?>
<!-- Generated by org.testng.reporters.JUnitReportReporter -->
<testsuite hostname="DESKTOP-6RNNSA7" failures="0" tests="1" name="A007_SpecBuilders.S001_SpecBuilders" time="4.180" errors="0" timestamp="2025-02-10T15:58:45 IST" skipped="0">
  <testcase classname="A007_SpecBuilders.S001_SpecBuilders" name="gmap" time="4.180"/>
</testsuite> <!-- A007_SpecBuilders.S001_SpecBuilders -->
