<?xml version="1.0" encoding="UTF-8"?>
<!-- Generated by org.testng.reporters.JUnitReportReporter -->
<testsuite hostname="DESKTOP-6RNNSA7" failures="0" tests="1" name="API_Basics.B003_SUm_test_ng" time="7.949" errors="0" timestamp="2025-01-25T13:25:04 IST" skipped="0">
  <testcase classname="API_Basics.B003_SUm_test_ng" name="sum" time="7.949"/>
</testsuite> <!-- API_Basics.B003_SUm_test_ng -->
