<?xml version="1.0" encoding="UTF-8"?>
<!-- Generated by org.testng.reporters.JUnitReportReporter -->
<testsuite hostname="DESKTOP-6RNNSA7" failures="0" tests="2" name="Z001_others.S001_deserealisation2" time="8.931" errors="0" timestamp="2025-02-20T07:15:58 IST" skipped="0">
  <testcase classname="Z001_others.S001_deserealisation2" name="token" time="7.730"/>
  <testcase classname="Z001_others.S001_deserealisation2" name="getCourses" time="1.201"/>
</testsuite> <!-- Z001_others.S001_deserealisation2 -->
