<?xml version="1.0" encoding="UTF-8"?>
<!-- Generated by org.testng.reporters.JUnitReportReporter -->
<testsuite hostname="DESKTOP-6RNNSA7" failures="0" tests="6" name="DynamicJson.D001_DynamicJson" time="4.145" errors="0" timestamp="2025-01-25T17:19:08 IST" skipped="0">
  <testcase classname="DynamicJson.D001_DynamicJson" name="deleteBook" time="0.213"/>
  <testcase classname="DynamicJson.D001_DynamicJson" name="deleteBook" time="0.144"/>
  <testcase classname="DynamicJson.D001_DynamicJson" name="addBook2" time="0.174"/>
  <testcase classname="DynamicJson.D001_DynamicJson" name="addBook2" time="0.217"/>
  <testcase classname="DynamicJson.D001_DynamicJson" name="deleteBook" time="0.131"/>
  <testcase classname="DynamicJson.D001_DynamicJson" name="addBook2" time="3.266"/>
</testsuite> <!-- DynamicJson.D001_DynamicJson -->
