<?xml version="1.0" encoding="UTF-8"?>
<!-- Generated by org.testng.reporters.JUnitReportReporter -->
<testsuite hostname="DESKTOP-6RNNSA7" failures="0" tests="5" name="A008_End_to_End_E_Commerce.A001_End_to_end_automation" time="3.974" errors="0" timestamp="2025-01-30T18:23:38 IST" skipped="0">
  <testcase classname="A008_End_to_End_E_Commerce.A001_End_to_end_automation" name="login" time="3.074"/>
  <testcase classname="A008_End_to_End_E_Commerce.A001_End_to_end_automation" name="create_product" time="0.370"/>
  <testcase classname="A008_End_to_End_E_Commerce.A001_End_to_end_automation" name="create_order" time="0.223"/>
  <testcase classname="A008_End_to_End_E_Commerce.A001_End_to_end_automation" name="view_order" time="0.155"/>
  <testcase classname="A008_End_to_End_E_Commerce.A001_End_to_end_automation" name="delete_order" time="0.152"/>
</testsuite> <!-- A008_End_to_End_E_Commerce.A001_End_to_end_automation -->
