<?xml version="1.0" encoding="UTF-8"?>
<!-- Generated by org.testng.reporters.JUnitReportReporter -->
<testsuite hostname="DESKTOP-6RNNSA7" failures="0" tests="2" name="A_004_oAuth.O001_oAuth" time="3.840" errors="0" timestamp="2025-01-28T15:08:18 IST" skipped="0">
  <testcase classname="A_004_oAuth.O001_oAuth" name="token" time="3.654"/>
  <testcase classname="A_004_oAuth.O001_oAuth" name="getCourses" time="0.186"/>
</testsuite> <!-- A_004_oAuth.O001_oAuth -->
