<?xml version="1.0" encoding="UTF-8"?>
<!-- Generated by org.testng.reporters.JUnitReportReporter -->
<testsuite hostname="DESKTOP-6RNNSA7" failures="0" tests="2" name="A_003_Real_World_examples.J001_Jira_automation" time="5.195" errors="0" timestamp="2025-01-26T17:14:02 IST" skipped="0">
  <testcase classname="A_003_Real_World_examples.J001_Jira_automation" name="addttachment" time="1.059"/>
  <testcase classname="A_003_Real_World_examples.J001_Jira_automation" name="add_jira" time="4.136"/>
</testsuite> <!-- A_003_Real_World_examples.J001_Jira_automation -->
