<?xml version="1.0" encoding="UTF-8"?>
<!-- Generated by org.testng.reporters.JUnitReportReporter -->
<testsuite hostname="DESKTOP-6RNNSA7" failures="0" tests="1" name="A007_SpecBuilders.S001_SpecBuilders" time="2.962" errors="0" timestamp="2025-01-29T18:29:10 IST" skipped="0">
  <testcase classname="A007_SpecBuilders.S001_SpecBuilders" name="gmap" time="2.962"/>
</testsuite> <!-- A007_SpecBuilders.S001_SpecBuilders -->
